ERROR - 2023-09-25 04:13:45 --> Error connecting to the database: mysqli_sql_exception: Access denied for user 'root'@'localhost' (using password: YES) in C:\laragon\www\Lab2\system\Database\MySQLi\Connection.php:185
Stack trace:
#0 C:\laragon\www\Lab2\system\Database\MySQLi\Connection.php(185): mysqli->real_connect('localhost', 'root', 'arkmusic', '', 3306, '', 0)
#1 C:\laragon\www\Lab2\system\Database\BaseConnection.php(391): CodeIgniter\Database\MySQLi\Connection->connect(false)
#2 C:\laragon\www\Lab2\system\Database\BaseConnection.php(574): CodeIgniter\Database\BaseConnection->initialize()
#3 C:\laragon\www\Lab2\system\Database\BaseBuilder.php(1615): CodeIgniter\Database\BaseConnection->query('SELECT *\nFROM `...', Array, false)
#4 C:\laragon\www\Lab2\system\Model.php(237): CodeIgniter\Database\BaseBuilder->get()
#5 C:\laragon\www\Lab2\system\BaseModel.php(624): CodeIgniter\Model->doFindAll(0, 0)
#6 C:\laragon\www\Lab2\app\Controllers\MusicController.php(29): CodeIgniter\BaseModel->findAll()
#7 C:\laragon\www\Lab2\system\CodeIgniter.php(919): App\Controllers\MusicController->index()
#8 C:\laragon\www\Lab2\system\CodeIgniter.php(494): CodeIgniter\CodeIgniter->runController(Object(App\Controllers\MusicController))
#9 C:\laragon\www\Lab2\system\CodeIgniter.php(353): CodeIgniter\CodeIgniter->handleRequest(NULL, Object(Config\Cache), false)
#10 C:\laragon\www\Lab2\public\index.php(79): CodeIgniter\CodeIgniter->run()
#11 C:\laragon\www\Lab2\system\Commands\Server\rewrite.php(47): require_once('C:\\laragon\\www\\...')
#12 {main}

Next CodeIgniter\Database\Exceptions\DatabaseException: Access denied for user '****'@'localhost' (using password: YES) in C:\laragon\www\Lab2\system\Database\MySQLi\Connection.php:229
Stack trace:
#0 C:\laragon\www\Lab2\system\Database\BaseConnection.php(391): CodeIgniter\Database\MySQLi\Connection->connect(false)
#1 C:\laragon\www\Lab2\system\Database\BaseConnection.php(574): CodeIgniter\Database\BaseConnection->initialize()
#2 C:\laragon\www\Lab2\system\Database\BaseBuilder.php(1615): CodeIgniter\Database\BaseConnection->query('SELECT *\nFROM `...', Array, false)
#3 C:\laragon\www\Lab2\system\Model.php(237): CodeIgniter\Database\BaseBuilder->get()
#4 C:\laragon\www\Lab2\system\BaseModel.php(624): CodeIgniter\Model->doFindAll(0, 0)
#5 C:\laragon\www\Lab2\app\Controllers\MusicController.php(29): CodeIgniter\BaseModel->findAll()
#6 C:\laragon\www\Lab2\system\CodeIgniter.php(919): App\Controllers\MusicController->index()
#7 C:\laragon\www\Lab2\system\CodeIgniter.php(494): CodeIgniter\CodeIgniter->runController(Object(App\Controllers\MusicController))
#8 C:\laragon\www\Lab2\system\CodeIgniter.php(353): CodeIgniter\CodeIgniter->handleRequest(NULL, Object(Config\Cache), false)
#9 C:\laragon\www\Lab2\public\index.php(79): CodeIgniter\CodeIgniter->run()
#10 C:\laragon\www\Lab2\system\Commands\Server\rewrite.php(47): require_once('C:\\laragon\\www\\...')
#11 {main}
CRITICAL - 2023-09-25 04:13:45 --> Unable to connect to the database.
Main connection [MySQLi]: Access denied for user '****'@'localhost' (using password: YES)
in SYSTEMPATH\Database\BaseConnection.php on line 427.
 1 SYSTEMPATH\Database\BaseConnection.php(574): CodeIgniter\Database\BaseConnection->initialize()
 2 SYSTEMPATH\Database\BaseBuilder.php(1615): CodeIgniter\Database\BaseConnection->query('SELECT *
FROM `music`', [], false)
 3 SYSTEMPATH\Model.php(237): CodeIgniter\Database\BaseBuilder->get()
 4 SYSTEMPATH\BaseModel.php(624): CodeIgniter\Model->doFindAll(0, 0)
 5 APPPATH\Controllers\MusicController.php(29): CodeIgniter\BaseModel->findAll()
 6 SYSTEMPATH\CodeIgniter.php(919): App\Controllers\MusicController->index()
 7 SYSTEMPATH\CodeIgniter.php(494): CodeIgniter\CodeIgniter->runController(Object(App\Controllers\MusicController))
 8 SYSTEMPATH\CodeIgniter.php(353): CodeIgniter\CodeIgniter->handleRequest(null, Object(Config\Cache), false)
 9 FCPATH\index.php(79): CodeIgniter\CodeIgniter->run()
10 SYSTEMPATH\Commands\Server\rewrite.php(47): require_once('C:\\laragon\\www\\Lab2\\public\\index.php')
CRITICAL - 2023-09-25 04:15:43 --> Undefined variable $data
in APPPATH\Controllers\MusicController.php on line 41.
 1 APPPATH\Controllers\MusicController.php(41): CodeIgniter\Debug\Exceptions->errorHandler(2, 'Undefined variable $data', 'C:\\laragon\\www\\Lab2\\app\\Controllers\\MusicController.php', 41)
 2 SYSTEMPATH\CodeIgniter.php(919): App\Controllers\MusicController->searchsong()
 3 SYSTEMPATH\CodeIgniter.php(494): CodeIgniter\CodeIgniter->runController(Object(App\Controllers\MusicController))
 4 SYSTEMPATH\CodeIgniter.php(353): CodeIgniter\CodeIgniter->handleRequest(null, Object(Config\Cache), false)
 5 FCPATH\index.php(79): CodeIgniter\CodeIgniter->run()
 6 SYSTEMPATH\Commands\Server\rewrite.php(47): require_once('C:\\laragon\\www\\Lab2\\public\\index.php')
CRITICAL - 2023-09-25 04:17:05 --> Undefined variable $data
in APPPATH\Controllers\MusicController.php on line 41.
 1 APPPATH\Controllers\MusicController.php(41): CodeIgniter\Debug\Exceptions->errorHandler(2, 'Undefined variable $data', 'C:\\laragon\\www\\Lab2\\app\\Controllers\\MusicController.php', 41)
 2 SYSTEMPATH\CodeIgniter.php(919): App\Controllers\MusicController->searchsong()
 3 SYSTEMPATH\CodeIgniter.php(494): CodeIgniter\CodeIgniter->runController(Object(App\Controllers\MusicController))
 4 SYSTEMPATH\CodeIgniter.php(353): CodeIgniter\CodeIgniter->handleRequest(null, Object(Config\Cache), false)
 5 FCPATH\index.php(79): CodeIgniter\CodeIgniter->run()
 6 SYSTEMPATH\Commands\Server\rewrite.php(47): require_once('C:\\laragon\\www\\Lab2\\public\\index.php')
CRITICAL - 2023-09-25 04:19:02 --> Undefined variable $music
in APPPATH\Views\music.php on line 113.
 1 APPPATH\Views\music.php(113): CodeIgniter\Debug\Exceptions->errorHandler(2, 'Undefined variable $music', 'C:\\laragon\\www\\Lab2\\app\\Views\\music.php', 113)
 2 SYSTEMPATH\View\View.php(226): include('C:\\laragon\\www\\Lab2\\app\\Views\\music.php')
 3 SYSTEMPATH\View\View.php(229): CodeIgniter\View\View->CodeIgniter\View\{closure}()
 4 SYSTEMPATH\Common.php(1188): CodeIgniter\View\View->render('music', [], true)
 5 APPPATH\Controllers\MusicController.php(46): view('music', [...])
 6 SYSTEMPATH\CodeIgniter.php(919): App\Controllers\MusicController->searchsong()
 7 SYSTEMPATH\CodeIgniter.php(494): CodeIgniter\CodeIgniter->runController(Object(App\Controllers\MusicController))
 8 SYSTEMPATH\CodeIgniter.php(353): CodeIgniter\CodeIgniter->handleRequest(null, Object(Config\Cache), false)
 9 FCPATH\index.php(79): CodeIgniter\CodeIgniter->run()
10 SYSTEMPATH\Commands\Server\rewrite.php(47): require_once('C:\\laragon\\www\\Lab2\\public\\index.php')
CRITICAL - 2023-09-25 04:19:04 --> Undefined variable $music
in APPPATH\Views\music.php on line 113.
 1 APPPATH\Views\music.php(113): CodeIgniter\Debug\Exceptions->errorHandler(2, 'Undefined variable $music', 'C:\\laragon\\www\\Lab2\\app\\Views\\music.php', 113)
 2 SYSTEMPATH\View\View.php(226): include('C:\\laragon\\www\\Lab2\\app\\Views\\music.php')
 3 SYSTEMPATH\View\View.php(229): CodeIgniter\View\View->CodeIgniter\View\{closure}()
 4 SYSTEMPATH\Common.php(1188): CodeIgniter\View\View->render('music', [], true)
 5 APPPATH\Controllers\MusicController.php(46): view('music', [...])
 6 SYSTEMPATH\CodeIgniter.php(919): App\Controllers\MusicController->searchsong()
 7 SYSTEMPATH\CodeIgniter.php(494): CodeIgniter\CodeIgniter->runController(Object(App\Controllers\MusicController))
 8 SYSTEMPATH\CodeIgniter.php(353): CodeIgniter\CodeIgniter->handleRequest(null, Object(Config\Cache), false)
 9 FCPATH\index.php(79): CodeIgniter\CodeIgniter->run()
10 SYSTEMPATH\Commands\Server\rewrite.php(47): require_once('C:\\laragon\\www\\Lab2\\public\\index.php')
CRITICAL - 2023-09-25 04:19:04 --> Undefined variable $music
in APPPATH\Views\music.php on line 113.
 1 APPPATH\Views\music.php(113): CodeIgniter\Debug\Exceptions->errorHandler(2, 'Undefined variable $music', 'C:\\laragon\\www\\Lab2\\app\\Views\\music.php', 113)
 2 SYSTEMPATH\View\View.php(226): include('C:\\laragon\\www\\Lab2\\app\\Views\\music.php')
 3 SYSTEMPATH\View\View.php(229): CodeIgniter\View\View->CodeIgniter\View\{closure}()
 4 SYSTEMPATH\Common.php(1188): CodeIgniter\View\View->render('music', [], true)
 5 APPPATH\Controllers\MusicController.php(46): view('music', [...])
 6 SYSTEMPATH\CodeIgniter.php(919): App\Controllers\MusicController->searchsong()
 7 SYSTEMPATH\CodeIgniter.php(494): CodeIgniter\CodeIgniter->runController(Object(App\Controllers\MusicController))
 8 SYSTEMPATH\CodeIgniter.php(353): CodeIgniter\CodeIgniter->handleRequest(null, Object(Config\Cache), false)
 9 FCPATH\index.php(79): CodeIgniter\CodeIgniter->run()
10 SYSTEMPATH\Commands\Server\rewrite.php(47): require_once('C:\\laragon\\www\\Lab2\\public\\index.php')
CRITICAL - 2023-09-25 04:19:05 --> Undefined variable $music
in APPPATH\Views\music.php on line 113.
 1 APPPATH\Views\music.php(113): CodeIgniter\Debug\Exceptions->errorHandler(2, 'Undefined variable $music', 'C:\\laragon\\www\\Lab2\\app\\Views\\music.php', 113)
 2 SYSTEMPATH\View\View.php(226): include('C:\\laragon\\www\\Lab2\\app\\Views\\music.php')
 3 SYSTEMPATH\View\View.php(229): CodeIgniter\View\View->CodeIgniter\View\{closure}()
 4 SYSTEMPATH\Common.php(1188): CodeIgniter\View\View->render('music', [], true)
 5 APPPATH\Controllers\MusicController.php(46): view('music', [...])
 6 SYSTEMPATH\CodeIgniter.php(919): App\Controllers\MusicController->searchsong()
 7 SYSTEMPATH\CodeIgniter.php(494): CodeIgniter\CodeIgniter->runController(Object(App\Controllers\MusicController))
 8 SYSTEMPATH\CodeIgniter.php(353): CodeIgniter\CodeIgniter->handleRequest(null, Object(Config\Cache), false)
 9 FCPATH\index.php(79): CodeIgniter\CodeIgniter->run()
10 SYSTEMPATH\Commands\Server\rewrite.php(47): require_once('C:\\laragon\\www\\Lab2\\public\\index.php')
CRITICAL - 2023-09-25 04:19:05 --> Undefined variable $music
in APPPATH\Views\music.php on line 113.
 1 APPPATH\Views\music.php(113): CodeIgniter\Debug\Exceptions->errorHandler(2, 'Undefined variable $music', 'C:\\laragon\\www\\Lab2\\app\\Views\\music.php', 113)
 2 SYSTEMPATH\View\View.php(226): include('C:\\laragon\\www\\Lab2\\app\\Views\\music.php')
 3 SYSTEMPATH\View\View.php(229): CodeIgniter\View\View->CodeIgniter\View\{closure}()
 4 SYSTEMPATH\Common.php(1188): CodeIgniter\View\View->render('music', [], true)
 5 APPPATH\Controllers\MusicController.php(46): view('music', [...])
 6 SYSTEMPATH\CodeIgniter.php(919): App\Controllers\MusicController->searchsong()
 7 SYSTEMPATH\CodeIgniter.php(494): CodeIgniter\CodeIgniter->runController(Object(App\Controllers\MusicController))
 8 SYSTEMPATH\CodeIgniter.php(353): CodeIgniter\CodeIgniter->handleRequest(null, Object(Config\Cache), false)
 9 FCPATH\index.php(79): CodeIgniter\CodeIgniter->run()
10 SYSTEMPATH\Commands\Server\rewrite.php(47): require_once('C:\\laragon\\www\\Lab2\\public\\index.php')
CRITICAL - 2023-09-25 04:19:05 --> Undefined variable $music
in APPPATH\Views\music.php on line 113.
 1 APPPATH\Views\music.php(113): CodeIgniter\Debug\Exceptions->errorHandler(2, 'Undefined variable $music', 'C:\\laragon\\www\\Lab2\\app\\Views\\music.php', 113)
 2 SYSTEMPATH\View\View.php(226): include('C:\\laragon\\www\\Lab2\\app\\Views\\music.php')
 3 SYSTEMPATH\View\View.php(229): CodeIgniter\View\View->CodeIgniter\View\{closure}()
 4 SYSTEMPATH\Common.php(1188): CodeIgniter\View\View->render('music', [], true)
 5 APPPATH\Controllers\MusicController.php(46): view('music', [...])
 6 SYSTEMPATH\CodeIgniter.php(919): App\Controllers\MusicController->searchsong()
 7 SYSTEMPATH\CodeIgniter.php(494): CodeIgniter\CodeIgniter->runController(Object(App\Controllers\MusicController))
 8 SYSTEMPATH\CodeIgniter.php(353): CodeIgniter\CodeIgniter->handleRequest(null, Object(Config\Cache), false)
 9 FCPATH\index.php(79): CodeIgniter\CodeIgniter->run()
10 SYSTEMPATH\Commands\Server\rewrite.php(47): require_once('C:\\laragon\\www\\Lab2\\public\\index.php')
CRITICAL - 2023-09-25 04:19:49 --> Undefined variable $music
in APPPATH\Views\music.php on line 113.
 1 APPPATH\Views\music.php(113): CodeIgniter\Debug\Exceptions->errorHandler(2, 'Undefined variable $music', 'C:\\laragon\\www\\Lab2\\app\\Views\\music.php', 113)
 2 SYSTEMPATH\View\View.php(226): include('C:\\laragon\\www\\Lab2\\app\\Views\\music.php')
 3 SYSTEMPATH\View\View.php(229): CodeIgniter\View\View->CodeIgniter\View\{closure}()
 4 SYSTEMPATH\Common.php(1188): CodeIgniter\View\View->render('music', [], true)
 5 APPPATH\Controllers\MusicController.php(46): view('music', [...])
 6 SYSTEMPATH\CodeIgniter.php(919): App\Controllers\MusicController->searchsong()
 7 SYSTEMPATH\CodeIgniter.php(494): CodeIgniter\CodeIgniter->runController(Object(App\Controllers\MusicController))
 8 SYSTEMPATH\CodeIgniter.php(353): CodeIgniter\CodeIgniter->handleRequest(null, Object(Config\Cache), false)
 9 FCPATH\index.php(79): CodeIgniter\CodeIgniter->run()
10 SYSTEMPATH\Commands\Server\rewrite.php(47): require_once('C:\\laragon\\www\\Lab2\\public\\index.php')
CRITICAL - 2023-09-25 04:21:31 --> syntax error, unexpected end of file
in APPPATH\Views\music.php on line 286.
 1 SYSTEMPATH\View\View.php(229): CodeIgniter\View\View->CodeIgniter\View\{closure}()
 2 SYSTEMPATH\Common.php(1188): CodeIgniter\View\View->render('music', [], true)
 3 APPPATH\Controllers\MusicController.php(46): view('music', [...])
 4 SYSTEMPATH\CodeIgniter.php(919): App\Controllers\MusicController->searchsong()
 5 SYSTEMPATH\CodeIgniter.php(494): CodeIgniter\CodeIgniter->runController(Object(App\Controllers\MusicController))
 6 SYSTEMPATH\CodeIgniter.php(353): CodeIgniter\CodeIgniter->handleRequest(null, Object(Config\Cache), false)
 7 FCPATH\index.php(79): CodeIgniter\CodeIgniter->run()
 8 SYSTEMPATH\Commands\Server\rewrite.php(47): require_once('C:\\laragon\\www\\Lab2\\public\\index.php')
CRITICAL - 2023-09-25 04:24:56 --> syntax error, unexpected end of file
in APPPATH\Views\music.php on line 287.
 1 SYSTEMPATH\View\View.php(229): CodeIgniter\View\View->CodeIgniter\View\{closure}()
 2 SYSTEMPATH\Common.php(1188): CodeIgniter\View\View->render('music', [], true)
 3 APPPATH\Controllers\MusicController.php(46): view('music', [...])
 4 SYSTEMPATH\CodeIgniter.php(919): App\Controllers\MusicController->searchsong()
 5 SYSTEMPATH\CodeIgniter.php(494): CodeIgniter\CodeIgniter->runController(Object(App\Controllers\MusicController))
 6 SYSTEMPATH\CodeIgniter.php(353): CodeIgniter\CodeIgniter->handleRequest(null, Object(Config\Cache), false)
 7 FCPATH\index.php(79): CodeIgniter\CodeIgniter->run()
 8 SYSTEMPATH\Commands\Server\rewrite.php(47): require_once('C:\\laragon\\www\\Lab2\\public\\index.php')
CRITICAL - 2023-09-25 04:24:57 --> syntax error, unexpected end of file
in APPPATH\Views\music.php on line 287.
 1 SYSTEMPATH\View\View.php(229): CodeIgniter\View\View->CodeIgniter\View\{closure}()
 2 SYSTEMPATH\Common.php(1188): CodeIgniter\View\View->render('music', [], true)
 3 APPPATH\Controllers\MusicController.php(46): view('music', [...])
 4 SYSTEMPATH\CodeIgniter.php(919): App\Controllers\MusicController->searchsong()
 5 SYSTEMPATH\CodeIgniter.php(494): CodeIgniter\CodeIgniter->runController(Object(App\Controllers\MusicController))
 6 SYSTEMPATH\CodeIgniter.php(353): CodeIgniter\CodeIgniter->handleRequest(null, Object(Config\Cache), false)
 7 FCPATH\index.php(79): CodeIgniter\CodeIgniter->run()
 8 SYSTEMPATH\Commands\Server\rewrite.php(47): require_once('C:\\laragon\\www\\Lab2\\public\\index.php')
CRITICAL - 2023-09-25 04:32:10 --> Undefined variable $music
in APPPATH\Views\music.php on line 113.
 1 APPPATH\Views\music.php(113): CodeIgniter\Debug\Exceptions->errorHandler(2, 'Undefined variable $music', 'C:\\laragon\\www\\Lab2\\app\\Views\\music.php', 113)
 2 SYSTEMPATH\View\View.php(226): include('C:\\laragon\\www\\Lab2\\app\\Views\\music.php')
 3 SYSTEMPATH\View\View.php(229): CodeIgniter\View\View->CodeIgniter\View\{closure}()
 4 SYSTEMPATH\Common.php(1188): CodeIgniter\View\View->render('music', [], true)
 5 APPPATH\Controllers\MusicController.php(46): view('music', [...])
 6 SYSTEMPATH\CodeIgniter.php(919): App\Controllers\MusicController->searchsong()
 7 SYSTEMPATH\CodeIgniter.php(494): CodeIgniter\CodeIgniter->runController(Object(App\Controllers\MusicController))
 8 SYSTEMPATH\CodeIgniter.php(353): CodeIgniter\CodeIgniter->handleRequest(null, Object(Config\Cache), false)
 9 FCPATH\index.php(79): CodeIgniter\CodeIgniter->run()
10 SYSTEMPATH\Commands\Server\rewrite.php(47): require_once('C:\\laragon\\www\\Lab2\\public\\index.php')
CRITICAL - 2023-09-25 04:37:28 --> Undefined variable $music
in APPPATH\Views\music.php on line 112.
 1 APPPATH\Views\music.php(112): CodeIgniter\Debug\Exceptions->errorHandler(2, 'Undefined variable $music', 'C:\\laragon\\www\\Lab2\\app\\Views\\music.php', 112)
 2 SYSTEMPATH\View\View.php(226): include('C:\\laragon\\www\\Lab2\\app\\Views\\music.php')
 3 SYSTEMPATH\View\View.php(229): CodeIgniter\View\View->CodeIgniter\View\{closure}()
 4 SYSTEMPATH\Common.php(1188): CodeIgniter\View\View->render('music', [], true)
 5 APPPATH\Controllers\MusicController.php(46): view('music', [...])
 6 SYSTEMPATH\CodeIgniter.php(919): App\Controllers\MusicController->searchsong()
 7 SYSTEMPATH\CodeIgniter.php(494): CodeIgniter\CodeIgniter->runController(Object(App\Controllers\MusicController))
 8 SYSTEMPATH\CodeIgniter.php(353): CodeIgniter\CodeIgniter->handleRequest(null, Object(Config\Cache), false)
 9 FCPATH\index.php(79): CodeIgniter\CodeIgniter->run()
10 SYSTEMPATH\Commands\Server\rewrite.php(47): require_once('C:\\laragon\\www\\Lab2\\public\\index.php')
CRITICAL - 2023-09-25 04:37:30 --> Undefined variable $music
in APPPATH\Views\music.php on line 112.
 1 APPPATH\Views\music.php(112): CodeIgniter\Debug\Exceptions->errorHandler(2, 'Undefined variable $music', 'C:\\laragon\\www\\Lab2\\app\\Views\\music.php', 112)
 2 SYSTEMPATH\View\View.php(226): include('C:\\laragon\\www\\Lab2\\app\\Views\\music.php')
 3 SYSTEMPATH\View\View.php(229): CodeIgniter\View\View->CodeIgniter\View\{closure}()
 4 SYSTEMPATH\Common.php(1188): CodeIgniter\View\View->render('music', [], true)
 5 APPPATH\Controllers\MusicController.php(46): view('music', [...])
 6 SYSTEMPATH\CodeIgniter.php(919): App\Controllers\MusicController->searchsong()
 7 SYSTEMPATH\CodeIgniter.php(494): CodeIgniter\CodeIgniter->runController(Object(App\Controllers\MusicController))
 8 SYSTEMPATH\CodeIgniter.php(353): CodeIgniter\CodeIgniter->handleRequest(null, Object(Config\Cache), false)
 9 FCPATH\index.php(79): CodeIgniter\CodeIgniter->run()
10 SYSTEMPATH\Commands\Server\rewrite.php(47): require_once('C:\\laragon\\www\\Lab2\\public\\index.php')
CRITICAL - 2023-09-25 04:37:30 --> Undefined variable $music
in APPPATH\Views\music.php on line 112.
 1 APPPATH\Views\music.php(112): CodeIgniter\Debug\Exceptions->errorHandler(2, 'Undefined variable $music', 'C:\\laragon\\www\\Lab2\\app\\Views\\music.php', 112)
 2 SYSTEMPATH\View\View.php(226): include('C:\\laragon\\www\\Lab2\\app\\Views\\music.php')
 3 SYSTEMPATH\View\View.php(229): CodeIgniter\View\View->CodeIgniter\View\{closure}()
 4 SYSTEMPATH\Common.php(1188): CodeIgniter\View\View->render('music', [], true)
 5 APPPATH\Controllers\MusicController.php(46): view('music', [...])
 6 SYSTEMPATH\CodeIgniter.php(919): App\Controllers\MusicController->searchsong()
 7 SYSTEMPATH\CodeIgniter.php(494): CodeIgniter\CodeIgniter->runController(Object(App\Controllers\MusicController))
 8 SYSTEMPATH\CodeIgniter.php(353): CodeIgniter\CodeIgniter->handleRequest(null, Object(Config\Cache), false)
 9 FCPATH\index.php(79): CodeIgniter\CodeIgniter->run()
10 SYSTEMPATH\Commands\Server\rewrite.php(47): require_once('C:\\laragon\\www\\Lab2\\public\\index.php')
CRITICAL - 2023-09-25 04:37:31 --> Undefined variable $music
in APPPATH\Views\music.php on line 112.
 1 APPPATH\Views\music.php(112): CodeIgniter\Debug\Exceptions->errorHandler(2, 'Undefined variable $music', 'C:\\laragon\\www\\Lab2\\app\\Views\\music.php', 112)
 2 SYSTEMPATH\View\View.php(226): include('C:\\laragon\\www\\Lab2\\app\\Views\\music.php')
 3 SYSTEMPATH\View\View.php(229): CodeIgniter\View\View->CodeIgniter\View\{closure}()
 4 SYSTEMPATH\Common.php(1188): CodeIgniter\View\View->render('music', [], true)
 5 APPPATH\Controllers\MusicController.php(46): view('music', [...])
 6 SYSTEMPATH\CodeIgniter.php(919): App\Controllers\MusicController->searchsong()
 7 SYSTEMPATH\CodeIgniter.php(494): CodeIgniter\CodeIgniter->runController(Object(App\Controllers\MusicController))
 8 SYSTEMPATH\CodeIgniter.php(353): CodeIgniter\CodeIgniter->handleRequest(null, Object(Config\Cache), false)
 9 FCPATH\index.php(79): CodeIgniter\CodeIgniter->run()
10 SYSTEMPATH\Commands\Server\rewrite.php(47): require_once('C:\\laragon\\www\\Lab2\\public\\index.php')
CRITICAL - 2023-09-25 04:41:02 --> Call to a member function findAll() on null
in APPPATH\Controllers\MusicController.php on line 38.
 1 SYSTEMPATH\CodeIgniter.php(919): App\Controllers\MusicController->searchsong()
 2 SYSTEMPATH\CodeIgniter.php(494): CodeIgniter\CodeIgniter->runController(Object(App\Controllers\MusicController))
 3 SYSTEMPATH\CodeIgniter.php(353): CodeIgniter\CodeIgniter->handleRequest(null, Object(Config\Cache), false)
 4 FCPATH\index.php(79): CodeIgniter\CodeIgniter->run()
 5 SYSTEMPATH\Commands\Server\rewrite.php(47): require_once('C:\\laragon\\www\\Lab2\\public\\index.php')
CRITICAL - 2023-09-25 04:42:18 --> Call to a member function findAll() on null
in APPPATH\Controllers\MusicController.php on line 38.
 1 SYSTEMPATH\CodeIgniter.php(919): App\Controllers\MusicController->searchsong()
 2 SYSTEMPATH\CodeIgniter.php(494): CodeIgniter\CodeIgniter->runController(Object(App\Controllers\MusicController))
 3 SYSTEMPATH\CodeIgniter.php(353): CodeIgniter\CodeIgniter->handleRequest(null, Object(Config\Cache), false)
 4 FCPATH\index.php(79): CodeIgniter\CodeIgniter->run()
 5 SYSTEMPATH\Commands\Server\rewrite.php(47): require_once('C:\\laragon\\www\\Lab2\\public\\index.php')
CRITICAL - 2023-09-25 04:42:19 --> Call to a member function findAll() on null
in APPPATH\Controllers\MusicController.php on line 38.
 1 SYSTEMPATH\CodeIgniter.php(919): App\Controllers\MusicController->searchsong()
 2 SYSTEMPATH\CodeIgniter.php(494): CodeIgniter\CodeIgniter->runController(Object(App\Controllers\MusicController))
 3 SYSTEMPATH\CodeIgniter.php(353): CodeIgniter\CodeIgniter->handleRequest(null, Object(Config\Cache), false)
 4 FCPATH\index.php(79): CodeIgniter\CodeIgniter->run()
 5 SYSTEMPATH\Commands\Server\rewrite.php(47): require_once('C:\\laragon\\www\\Lab2\\public\\index.php')
CRITICAL - 2023-09-25 04:42:45 --> Call to a member function findAll() on null
in APPPATH\Controllers\MusicController.php on line 38.
 1 SYSTEMPATH\CodeIgniter.php(919): App\Controllers\MusicController->searchsong()
 2 SYSTEMPATH\CodeIgniter.php(494): CodeIgniter\CodeIgniter->runController(Object(App\Controllers\MusicController))
 3 SYSTEMPATH\CodeIgniter.php(353): CodeIgniter\CodeIgniter->handleRequest(null, Object(Config\Cache), false)
 4 FCPATH\index.php(79): CodeIgniter\CodeIgniter->run()
 5 SYSTEMPATH\Commands\Server\rewrite.php(47): require_once('C:\\laragon\\www\\Lab2\\public\\index.php')
CRITICAL - 2023-09-25 04:42:46 --> Call to a member function findAll() on null
in APPPATH\Controllers\MusicController.php on line 38.
 1 SYSTEMPATH\CodeIgniter.php(919): App\Controllers\MusicController->searchsong()
 2 SYSTEMPATH\CodeIgniter.php(494): CodeIgniter\CodeIgniter->runController(Object(App\Controllers\MusicController))
 3 SYSTEMPATH\CodeIgniter.php(353): CodeIgniter\CodeIgniter->handleRequest(null, Object(Config\Cache), false)
 4 FCPATH\index.php(79): CodeIgniter\CodeIgniter->run()
 5 SYSTEMPATH\Commands\Server\rewrite.php(47): require_once('C:\\laragon\\www\\Lab2\\public\\index.php')
CRITICAL - 2023-09-25 04:45:09 --> Undefined variable $mus
in APPPATH\Views\music.php on line 104.
 1 APPPATH\Views\music.php(104): CodeIgniter\Debug\Exceptions->errorHandler(2, 'Undefined variable $mus', 'C:\\laragon\\www\\Lab2\\app\\Views\\music.php', 104)
 2 SYSTEMPATH\View\View.php(226): include('C:\\laragon\\www\\Lab2\\app\\Views\\music.php')
 3 SYSTEMPATH\View\View.php(229): CodeIgniter\View\View->CodeIgniter\View\{closure}()
 4 SYSTEMPATH\Common.php(1188): CodeIgniter\View\View->render('music', [], true)
 5 APPPATH\Controllers\MusicController.php(31): view('music', [...])
 6 SYSTEMPATH\CodeIgniter.php(919): App\Controllers\MusicController->index()
 7 SYSTEMPATH\CodeIgniter.php(494): CodeIgniter\CodeIgniter->runController(Object(App\Controllers\MusicController))
 8 SYSTEMPATH\CodeIgniter.php(353): CodeIgniter\CodeIgniter->handleRequest(null, Object(Config\Cache), false)
 9 FCPATH\index.php(79): CodeIgniter\CodeIgniter->run()
10 SYSTEMPATH\Commands\Server\rewrite.php(47): require_once('C:\\laragon\\www\\Lab2\\public\\index.php')
CRITICAL - 2023-09-25 05:18:28 --> Undefined variable $musicList
in APPPATH\Views\music.php on line 158.
 1 APPPATH\Views\music.php(158): CodeIgniter\Debug\Exceptions->errorHandler(2, 'Undefined variable $musicList', 'C:\\laragon\\www\\Lab2\\app\\Views\\music.php', 158)
 2 SYSTEMPATH\View\View.php(226): include('C:\\laragon\\www\\Lab2\\app\\Views\\music.php')
 3 SYSTEMPATH\View\View.php(229): CodeIgniter\View\View->CodeIgniter\View\{closure}()
 4 SYSTEMPATH\Common.php(1188): CodeIgniter\View\View->render('music', [], true)
 5 APPPATH\Controllers\MusicController.php(46): view('music', [...])
 6 SYSTEMPATH\CodeIgniter.php(919): App\Controllers\MusicController->searchsong()
 7 SYSTEMPATH\CodeIgniter.php(494): CodeIgniter\CodeIgniter->runController(Object(App\Controllers\MusicController))
 8 SYSTEMPATH\CodeIgniter.php(353): CodeIgniter\CodeIgniter->handleRequest(null, Object(Config\Cache), false)
 9 FCPATH\index.php(79): CodeIgniter\CodeIgniter->run()
10 SYSTEMPATH\Commands\Server\rewrite.php(47): require_once('C:\\laragon\\www\\Lab2\\public\\index.php')
CRITICAL - 2023-09-25 05:18:47 --> Undefined array key "file_path"
in APPPATH\Views\music.php on line 160.
 1 APPPATH\Views\music.php(160): CodeIgniter\Debug\Exceptions->errorHandler(2, 'Undefined array key "file_path"', 'C:\\laragon\\www\\Lab2\\app\\Views\\music.php', 160)
 2 SYSTEMPATH\View\View.php(226): include('C:\\laragon\\www\\Lab2\\app\\Views\\music.php')
 3 SYSTEMPATH\View\View.php(229): CodeIgniter\View\View->CodeIgniter\View\{closure}()
 4 SYSTEMPATH\Common.php(1188): CodeIgniter\View\View->render('music', [], true)
 5 APPPATH\Controllers\MusicController.php(46): view('music', [...])
 6 SYSTEMPATH\CodeIgniter.php(919): App\Controllers\MusicController->searchsong()
 7 SYSTEMPATH\CodeIgniter.php(494): CodeIgniter\CodeIgniter->runController(Object(App\Controllers\MusicController))
 8 SYSTEMPATH\CodeIgniter.php(353): CodeIgniter\CodeIgniter->handleRequest(null, Object(Config\Cache), false)
 9 FCPATH\index.php(79): CodeIgniter\CodeIgniter->run()
10 SYSTEMPATH\Commands\Server\rewrite.php(47): require_once('C:\\laragon\\www\\Lab2\\public\\index.php')
CRITICAL - 2023-09-25 05:22:10 --> Undefined array key "file_name"
in APPPATH\Views\music.php on line 161.
 1 APPPATH\Views\music.php(161): CodeIgniter\Debug\Exceptions->errorHandler(2, 'Undefined array key "file_name"', 'C:\\laragon\\www\\Lab2\\app\\Views\\music.php', 161)
 2 SYSTEMPATH\View\View.php(226): include('C:\\laragon\\www\\Lab2\\app\\Views\\music.php')
 3 SYSTEMPATH\View\View.php(229): CodeIgniter\View\View->CodeIgniter\View\{closure}()
 4 SYSTEMPATH\Common.php(1188): CodeIgniter\View\View->render('music', [], true)
 5 APPPATH\Controllers\MusicController.php(46): view('music', [...])
 6 SYSTEMPATH\CodeIgniter.php(919): App\Controllers\MusicController->searchsong()
 7 SYSTEMPATH\CodeIgniter.php(494): CodeIgniter\CodeIgniter->runController(Object(App\Controllers\MusicController))
 8 SYSTEMPATH\CodeIgniter.php(353): CodeIgniter\CodeIgniter->handleRequest(null, Object(Config\Cache), false)
 9 FCPATH\index.php(79): CodeIgniter\CodeIgniter->run()
10 SYSTEMPATH\Commands\Server\rewrite.php(47): require_once('C:\\laragon\\www\\Lab2\\public\\index.php')
CRITICAL - 2023-09-25 05:22:50 --> Undefined variable $playlists
in APPPATH\Views\music.php on line 186.
 1 APPPATH\Views\music.php(186): CodeIgniter\Debug\Exceptions->errorHandler(2, 'Undefined variable $playlists', 'C:\\laragon\\www\\Lab2\\app\\Views\\music.php', 186)
 2 SYSTEMPATH\View\View.php(226): include('C:\\laragon\\www\\Lab2\\app\\Views\\music.php')
 3 SYSTEMPATH\View\View.php(229): CodeIgniter\View\View->CodeIgniter\View\{closure}()
 4 SYSTEMPATH\Common.php(1188): CodeIgniter\View\View->render('music', [], true)
 5 APPPATH\Controllers\MusicController.php(46): view('music', [...])
 6 SYSTEMPATH\CodeIgniter.php(919): App\Controllers\MusicController->searchsong()
 7 SYSTEMPATH\CodeIgniter.php(494): CodeIgniter\CodeIgniter->runController(Object(App\Controllers\MusicController))
 8 SYSTEMPATH\CodeIgniter.php(353): CodeIgniter\CodeIgniter->handleRequest(null, Object(Config\Cache), false)
 9 FCPATH\index.php(79): CodeIgniter\CodeIgniter->run()
10 SYSTEMPATH\Commands\Server\rewrite.php(47): require_once('C:\\laragon\\www\\Lab2\\public\\index.php')
CRITICAL - 2023-09-25 05:23:41 --> Undefined array key "name"
in APPPATH\Views\music.php on line 187.
 1 APPPATH\Views\music.php(187): CodeIgniter\Debug\Exceptions->errorHandler(2, 'Undefined array key "name"', 'C:\\laragon\\www\\Lab2\\app\\Views\\music.php', 187)
 2 SYSTEMPATH\View\View.php(226): include('C:\\laragon\\www\\Lab2\\app\\Views\\music.php')
 3 SYSTEMPATH\View\View.php(229): CodeIgniter\View\View->CodeIgniter\View\{closure}()
 4 SYSTEMPATH\Common.php(1188): CodeIgniter\View\View->render('music', [], true)
 5 APPPATH\Controllers\MusicController.php(46): view('music', [...])
 6 SYSTEMPATH\CodeIgniter.php(919): App\Controllers\MusicController->searchsong()
 7 SYSTEMPATH\CodeIgniter.php(494): CodeIgniter\CodeIgniter->runController(Object(App\Controllers\MusicController))
 8 SYSTEMPATH\CodeIgniter.php(353): CodeIgniter\CodeIgniter->handleRequest(null, Object(Config\Cache), false)
 9 FCPATH\index.php(79): CodeIgniter\CodeIgniter->run()
10 SYSTEMPATH\Commands\Server\rewrite.php(47): require_once('C:\\laragon\\www\\Lab2\\public\\index.php')
CRITICAL - 2023-09-25 05:23:42 --> Undefined array key "name"
in APPPATH\Views\music.php on line 187.
 1 APPPATH\Views\music.php(187): CodeIgniter\Debug\Exceptions->errorHandler(2, 'Undefined array key "name"', 'C:\\laragon\\www\\Lab2\\app\\Views\\music.php', 187)
 2 SYSTEMPATH\View\View.php(226): include('C:\\laragon\\www\\Lab2\\app\\Views\\music.php')
 3 SYSTEMPATH\View\View.php(229): CodeIgniter\View\View->CodeIgniter\View\{closure}()
 4 SYSTEMPATH\Common.php(1188): CodeIgniter\View\View->render('music', [], true)
 5 APPPATH\Controllers\MusicController.php(46): view('music', [...])
 6 SYSTEMPATH\CodeIgniter.php(919): App\Controllers\MusicController->searchsong()
 7 SYSTEMPATH\CodeIgniter.php(494): CodeIgniter\CodeIgniter->runController(Object(App\Controllers\MusicController))
 8 SYSTEMPATH\CodeIgniter.php(353): CodeIgniter\CodeIgniter->handleRequest(null, Object(Config\Cache), false)
 9 FCPATH\index.php(79): CodeIgniter\CodeIgniter->run()
10 SYSTEMPATH\Commands\Server\rewrite.php(47): require_once('C:\\laragon\\www\\Lab2\\public\\index.php')
CRITICAL - 2023-09-25 05:29:18 --> Call to a member function findAll() on null
in APPPATH\Controllers\MusicController.php on line 38.
 1 SYSTEMPATH\CodeIgniter.php(919): App\Controllers\MusicController->searchsong()
 2 SYSTEMPATH\CodeIgniter.php(494): CodeIgniter\CodeIgniter->runController(Object(App\Controllers\MusicController))
 3 SYSTEMPATH\CodeIgniter.php(353): CodeIgniter\CodeIgniter->handleRequest(null, Object(Config\Cache), false)
 4 FCPATH\index.php(79): CodeIgniter\CodeIgniter->run()
 5 SYSTEMPATH\Commands\Server\rewrite.php(47): require_once('C:\\laragon\\www\\Lab2\\public\\index.php')
CRITICAL - 2023-09-25 05:29:50 --> Call to a member function findAll() on null
in APPPATH\Controllers\MusicController.php on line 38.
 1 SYSTEMPATH\CodeIgniter.php(919): App\Controllers\MusicController->searchsong()
 2 SYSTEMPATH\CodeIgniter.php(494): CodeIgniter\CodeIgniter->runController(Object(App\Controllers\MusicController))
 3 SYSTEMPATH\CodeIgniter.php(353): CodeIgniter\CodeIgniter->handleRequest(null, Object(Config\Cache), false)
 4 FCPATH\index.php(79): CodeIgniter\CodeIgniter->run()
 5 SYSTEMPATH\Commands\Server\rewrite.php(47): require_once('C:\\laragon\\www\\Lab2\\public\\index.php')
CRITICAL - 2023-09-25 05:29:51 --> Call to a member function findAll() on null
in APPPATH\Controllers\MusicController.php on line 38.
 1 SYSTEMPATH\CodeIgniter.php(919): App\Controllers\MusicController->searchsong()
 2 SYSTEMPATH\CodeIgniter.php(494): CodeIgniter\CodeIgniter->runController(Object(App\Controllers\MusicController))
 3 SYSTEMPATH\CodeIgniter.php(353): CodeIgniter\CodeIgniter->handleRequest(null, Object(Config\Cache), false)
 4 FCPATH\index.php(79): CodeIgniter\CodeIgniter->run()
 5 SYSTEMPATH\Commands\Server\rewrite.php(47): require_once('C:\\laragon\\www\\Lab2\\public\\index.php')
